<?xml version="1.0" encoding="utf-8"?><testsuites><testsuite errors="0" failures="0" hostname="SPARC" name="pytest" skipped="0" tests="11" time="0.842" timestamp="2022-03-22T22:01:24.476060"><testcase classname="tests.test_process_hit_level_data.test_process_hit_level_data.TestGetRevenue" name="test_get_revenue_bad_rev_value" time="0.005" /><testcase classname="tests.test_process_hit_level_data.test_process_hit_level_data.TestGetRevenue" name="test_get_revenue_invalid_inp" time="0.002" /><testcase classname="tests.test_process_hit_level_data.test_process_hit_level_data.TestGetRevenue" name="test_get_revenue_success" time="0.003" /><testcase classname="tests.test_process_hit_level_data.test_process_hit_level_data.ValidateKeywordExtraction" name="test_extract_keyword_success_bing" time="0.003" /><testcase classname="tests.test_process_hit_level_data.test_process_hit_level_data.ValidateKeywordExtraction" name="test_extract_keyword_success_google" time="0.004" /><testcase classname="tests.test_process_hit_level_data.test_process_hit_level_data.ValidateS3UploadResults" name="test_push_output_s3_fail" time="0.006" /><testcase classname="tests.test_process_hit_level_data.test_process_hit_level_data.ValidateS3UploadResults" name="test_push_output_s3_success" time="0.007" /><testcase classname="tests.test_process_hit_level_data.test_process_hit_level_data.ValidateCalculatingRevenue" name="test_calculate_revenue_fail_s3_read" time="0.005" /><testcase classname="tests.test_process_hit_level_data.test_process_hit_level_data.ValidateCalculatingRevenue" name="test_calculate_revenue_success" time="0.008" /><testcase classname="tests.test_process_hit_level_data.test_process_hit_level_data.ValidateLambdaHandler" name="test_lambda_handler_no_rev_data_found" time="0.003" /><testcase classname="tests.test_process_hit_level_data.test_process_hit_level_data.ValidateLambdaHandler" name="test_lambda_handler_processing_success" time="0.004" /></testsuite></testsuites>